<?xml version="1.0" encoding="UTF-8"?>
<!-- Generated by org.testng.reporters.JUnitReportReporter -->
<testsuite hostname="192.168.1.5" failures="0" tests="1" name="cucumber.TestNGTestRunner" time="3.698" errors="0" timestamp="2024-08-15T03:57:42 IST" skipped="0">
  <testcase classname="cucumber.TestNGTestRunner" name="runScenario" time="3.698"/>
</testsuite> <!-- cucumber.TestNGTestRunner -->
