<?xml version="1.0" encoding="UTF-8"?>
<!-- Generated by org.testng.reporters.JUnitReportReporter -->
<testsuite hostname="192.168.1.5" failures="0" tests="1" name="test.testcases.ErrorValidations" time="3.483" errors="0" timestamp="2024-08-14T23:17:47 IST" skipped="0">
  <testcase classname="test.testcases.ErrorValidations" name="errorValidation" time="3.483"/>
</testsuite> <!-- test.testcases.ErrorValidations -->
